<?xml version="1.0" encoding="UTF-8"?>
<testsuite xmlns:xsi="http://www.w3.org/2001/XMLSchema-instance" xsi:noNamespaceSchemaLocation="https://maven.apache.org/surefire/maven-surefire-plugin/xsd/surefire-test-report.xsd" name="TestSuite" time="97.758" tests="2" errors="0" skipped="0" failures="0">
  <properties>
[...]
</properties>
  <testcase name="jenkinsMethod" classname="jenkins.FirstProgram" time="21.363"/>
  <testcase name="createLead" classname="jenkins.CreateLead" time="74.025"/>
</testsuite>