<?xml version="1.0" encoding="UTF-8"?>
<testng-results skipped="0" failed="0" total="2" passed="2">
  <reporter-output>
  </reporter-output>
  <suite name="Suite" duration-ms="95413" started-at="2017-12-30T11:49:14Z" finished-at="2017-12-30T11:50:49Z">
    <groups>
    </groups>
    <test name="Test" duration-ms="95413" started-at="2017-12-30T11:49:14Z" finished-at="2017-12-30T11:50:49Z">
      <class name="jenkins.CreateLead">
        <test-method status="PASS" signature="createLead()[pri:0, instance:jenkins.CreateLead@1afa04c]" name="createLead" duration-ms="74025" started-at="2017-12-30T17:19:35Z" finished-at="2017-12-30T17:20:49Z">
          <reporter-output>
          </reporter-output>
        </test-method> <!-- createLead -->
      </class> <!-- jenkins.CreateLead -->
      <class name="jenkins.FirstProgram">
        <test-method status="PASS" signature="jenkinsMethod()[pri:0, instance:jenkins.FirstProgram@9d9c55]" name="jenkinsMethod" duration-ms="21364" started-at="2017-12-30T17:19:14Z" finished-at="2017-12-30T17:19:35Z">
          <reporter-output>
          </reporter-output>
        </test-method> <!-- jenkinsMethod -->
      </class> <!-- jenkins.FirstProgram -->
    </test> <!-- Test -->
  </suite> <!-- Suite -->
</testng-results>
