<?xml version="1.0" encoding="UTF-8"?>
<testng-results skipped="0" failed="0" ignored="0" total="2" passed="2">
  <reporter-output>
  </reporter-output>
  <suite name="Suite" duration-ms="155527" started-at="2017-12-31T09:11:18Z" finished-at="2017-12-31T09:13:53Z">
    <groups>
    </groups>
    <test name="Test" duration-ms="155527" started-at="2017-12-31T09:11:18Z" finished-at="2017-12-31T09:13:53Z">
      <class name="jenkins.CreateLead">
        <test-method status="PASS" signature="createLead()[pri:0, instance:jenkins.CreateLead@ef9176]" name="createLead" duration-ms="87028" started-at="2017-12-31T14:42:26Z" finished-at="2017-12-31T14:43:53Z">
          <reporter-output>
          </reporter-output>
        </test-method> <!-- createLead -->
      </class> <!-- jenkins.CreateLead -->
      <class name="jenkins.FirstProgram">
        <test-method status="PASS" signature="jenkinsMethod()[pri:0, instance:jenkins.FirstProgram@b9f472]" name="jenkinsMethod" duration-ms="68098" started-at="2017-12-31T14:41:18Z" finished-at="2017-12-31T14:42:26Z">
          <reporter-output>
          </reporter-output>
        </test-method> <!-- jenkinsMethod -->
      </class> <!-- jenkins.FirstProgram -->
    </test> <!-- Test -->
  </suite> <!-- Suite -->
</testng-results>
